<?xml version="1.0" encoding="UTF-8"?>
<!-- Generated by org.testng.reporters.JUnitXMLReporter -->
<testsuite ignored="0" hostname="DESKTOP-3SG0SO3" failures="0" tests="13" name="Default test" time="279.866" errors="0" timestamp="2021-11-24T10:53:43 IST">
  <testcase classname="com.testng.org.Simple_Annotation" name="Laptop" time="6.047"/>
  <testcase classname="com.testng.org.Simple_Annotation" name="earPhones" time="12.692"/>
  <testcase classname="com.testng.org.Simple_Annotation" name="earPhones" time="7.071"/>
  <testcase classname="com.testng.org.Simple_Annotation" name="earPhones" time="8.424"/>
  <testcase classname="com.testng.org.Simple_Annotation" name="earPhones" time="7.308"/>
  <testcase classname="com.testng.org.Simple_Annotation" name="earPhones" time="4.989"/>
  <testcase classname="com.testng.org.Simple_Annotation" name="earPhones" time="5.468"/>
  <testcase classname="com.testng.org.Simple_Annotation" name="earPhones" time="4.861"/>
  <testcase classname="com.testng.org.Simple_Annotation" name="earPhones" time="5.819"/>
  <testcase classname="com.testng.org.Simple_Annotation" name="earPhones" time="5.517"/>
  <testcase classname="com.testng.org.Simple_Annotation" name="earPhones" time="5.536"/>
  <testcase classname="com.testng.org.Simple_Annotation" name="headPhones" time="6.309"/>
  <testcase classname="com.testng.org.Simple_Annotation" name="searchFunction" time="8.583"/>
</testsuite> <!-- Default test -->
